# JRE version: OpenJDK Runtime Environment Temurin-21.0.8+9 (21.0.8+9) (build 21.0.8+9-LTS)
# Java VM: OpenJDK 64-Bit Server VM Temurin-21.0.8+9 (21.0.8+9-LTS, mixed mode, sharing, tiered, compressed oops, compressed class ptrs, parallel gc, windows-amd64)
GC Precious Log:
 CardTable entry size: 512
 CPUs: 12 total, 12 available
 Memory: 16052M
 Large Page Support: Disabled
 NUMA Support: Disabled
 Compressed Oops: Enabled (32-bit)
 Alignments: Space 512K, Generation 512K, Heap 2M
 Heap Min Capacity: 100M
 Heap Initial Capacity: 100M
 Heap Max Capacity: 2G
 Pre-touch: Disabled
 Parallel Workers: 10
Heap:
 PSYoungGen      total 5632K, used 4364K [0x00000000d5580000, 0x00000000d5b80000, 0x0000000100000000)
  eden space 4608K, 85% used [0x00000000d5580000,0x00000000d595b258,0x00000000d5a00000)
  from space 1024K, 40% used [0x00000000d5a00000,0x00000000d5a68000,0x00000000d5b00000)
  to   space 512K, 0% used [0x00000000d5b00000,0x00000000d5b00000,0x00000000d5b80000)
 ParOldGen       total 88576K, used 76862K [0x0000000080000000, 0x0000000085680000, 0x00000000d5580000)
  object space 88576K, 86% used [0x0000000080000000,0x0000000084b0f9d8,0x0000000085680000)
 Metaspace       used 61482K, committed 62912K, reserved 1114112K
  class space    used 6531K, committed 7104K, reserved 1048576K
GC Heap History (20 events):
Event: 43.193 GC heap before
{Heap before GC invocations=105 (full 3):
 PSYoungGen      total 6144K, used 5824K [0x00000000d5580000, 0x00000000d5f00000, 0x0000000100000000)
  eden space 4608K, 97% used [0x00000000d5580000,0x00000000d59e1948,0x00000000d5a00000)
  from space 1536K, 87% used [0x00000000d5a00000,0x00000000d5b4e8d0,0x00000000d5b80000)
  to   space 2560K, 0% used [0x00000000d5c80000,0x00000000d5c80000,0x00000000d5f00000)
 ParOldGen       total 88576K, used 75464K [0x0000000080000000, 0x0000000085680000, 0x00000000d5580000)
  object space 88576K, 85% used [0x0000000080000000,0x00000000849b2138,0x0000000085680000)
 Metaspace       used 59624K, committed 61056K, reserved 1114112K
  class space    used 6334K, committed 6912K, reserved 1048576K
}
Event: 43.196 GC heap after
{Heap after GC invocations=105 (full 3):
 PSYoungGen      total 5632K, used 901K [0x00000000d5580000, 0x00000000d5d80000, 0x0000000100000000)
  eden space 4608K, 0% used [0x00000000d5580000,0x00000000d5580000,0x00000000d5a00000)
  from space 1024K, 88% used [0x00000000d5c80000,0x00000000d5d61570,0x00000000d5d80000)
  to   space 1536K, 0% used [0x00000000d5a80000,0x00000000d5a80000,0x00000000d5c00000)
 ParOldGen       total 88576K, used 76270K [0x0000000080000000, 0x0000000085680000, 0x00000000d5580000)
  object space 88576K, 86% used [0x0000000080000000,0x0000000084a7b9b8,0x0000000085680000)
 Metaspace       used 59624K, committed 61056K, reserved 1114112K
  class space    used 6334K, committed 6912K, reserved 1048576K
}
Event: 43.246 GC heap before
{Heap before GC invocations=106 (full 3):
 PSYoungGen      total 5632K, used 5502K [0x00000000d5580000, 0x00000000d5d80000, 0x0000000100000000)
  eden space 4608K, 99% used [0x00000000d5580000,0x00000000d59fe4f8,0x00000000d5a00000)
  from space 1024K, 88% used [0x00000000d5c80000,0x00000000d5d61570,0x00000000d5d80000)
  to   space 1536K, 0% used [0x00000000d5a80000,0x00000000d5a80000,0x00000000d5c00000)
 ParOldGen       total 88576K, used 76270K [0x0000000080000000, 0x0000000085680000, 0x00000000d5580000)
  object space 88576K, 86% used [0x0000000080000000,0x0000000084a7b9b8,0x0000000085680000)
 Metaspace       used 59629K, committed 61056K, reserved 1114112K
  class space    used 6334K, committed 6912K, reserved 1048576K
}
Event: 43.247 GC heap after
{Heap after GC invocations=106 (full 3):
 PSYoungGen      total 6144K, used 1051K [0x00000000d5580000, 0x00000000d5d00000, 0x0000000100000000)
  eden space 4608K, 0% used [0x00000000d5580000,0x00000000d5580000,0x00000000d5a00000)
  from space 1536K, 68% used [0x00000000d5a80000,0x00000000d5b86cd8,0x00000000d5c00000)
  to   space 1024K, 0% used [0x00000000d5c00000,0x00000000d5c00000,0x00000000d5d00000)
 ParOldGen       total 88576K, used 76278K [0x0000000080000000, 0x0000000085680000, 0x00000000d5580000)
  object space 88576K, 86% used [0x0000000080000000,0x0000000084a7d9b8,0x0000000085680000)
 Metaspace       used 59629K, committed 61056K, reserved 1114112K
  class space    used 6334K, committed 6912K, reserved 1048576K
}
Event: 43.286 GC heap before
{Heap before GC invocations=107 (full 3):
 PSYoungGen      total 6144K, used 5549K [0x00000000d5580000, 0x00000000d5d00000, 0x0000000100000000)
  eden space 4608K, 97% used [0x00000000d5580000,0x00000000d59e4818,0x00000000d5a00000)
  from space 1536K, 68% used [0x00000000d5a80000,0x00000000d5b86cd8,0x00000000d5c00000)
  to   space 1024K, 0% used [0x00000000d5c00000,0x00000000d5c00000,0x00000000d5d00000)
 ParOldGen       total 88576K, used 76278K [0x0000000080000000, 0x0000000085680000, 0x00000000d5580000)
  object space 88576K, 86% used [0x0000000080000000,0x0000000084a7d9b8,0x0000000085680000)
 Metaspace       used 59630K, committed 61056K, reserved 1114112K
  class space    used 6334K, committed 6912K, reserved 1048576K
}
Event: 43.289 GC heap after
{Heap after GC invocations=107 (full 3):
 PSYoungGen      total 5632K, used 993K [0x00000000d5580000, 0x00000000d5d00000, 0x0000000100000000)
  eden space 4608K, 0% used [0x00000000d5580000,0x00000000d5580000,0x00000000d5a00000)
  from space 1024K, 97% used [0x00000000d5c00000,0x00000000d5cf87a8,0x00000000d5d00000)
  to   space 1536K, 0% used [0x00000000d5a00000,0x00000000d5a00000,0x00000000d5b80000)
 ParOldGen       total 88576K, used 76398K [0x0000000080000000, 0x0000000085680000, 0x00000000d5580000)
  object space 88576K, 86% used [0x0000000080000000,0x0000000084a9b9b8,0x0000000085680000)
 Metaspace       used 59630K, committed 61056K, reserved 1114112K
  class space    used 6334K, committed 6912K, reserved 1048576K
}
Event: 43.333 GC heap before
{Heap before GC invocations=108 (full 3):
 PSYoungGen      total 5632K, used 5487K [0x00000000d5580000, 0x00000000d5d00000, 0x0000000100000000)
  eden space 4608K, 97% used [0x00000000d5580000,0x00000000d59e37b8,0x00000000d5a00000)
  from space 1024K, 97% used [0x00000000d5c00000,0x00000000d5cf87a8,0x00000000d5d00000)
  to   space 1536K, 0% used [0x00000000d5a00000,0x00000000d5a00000,0x00000000d5b80000)
 ParOldGen       total 88576K, used 76398K [0x0000000080000000, 0x0000000085680000, 0x00000000d5580000)
  object space 88576K, 86% used [0x0000000080000000,0x0000000084a9b9b8,0x0000000085680000)
 Metaspace       used 59635K, committed 61056K, reserved 1114112K
  class space    used 6334K, committed 6912K, reserved 1048576K
}
Event: 43.336 GC heap after
{Heap after GC invocations=108 (full 3):
 PSYoungGen      total 6144K, used 969K [0x00000000d5580000, 0x00000000d5c80000, 0x0000000100000000)
  eden space 4608K, 0% used [0x00000000d5580000,0x00000000d5580000,0x00000000d5a00000)
  from space 1536K, 63% used [0x00000000d5a00000,0x00000000d5af2508,0x00000000d5b80000)
  to   space 1024K, 0% used [0x00000000d5b80000,0x00000000d5b80000,0x00000000d5c80000)
 ParOldGen       total 88576K, used 76510K [0x0000000080000000, 0x0000000085680000, 0x00000000d5580000)
  object space 88576K, 86% used [0x0000000080000000,0x0000000084ab79b8,0x0000000085680000)
 Metaspace       used 59635K, committed 61056K, reserved 1114112K
  class space    used 6334K, committed 6912K, reserved 1048576K
}
Event: 43.356 GC heap before
{Heap before GC invocations=109 (full 3):
 PSYoungGen      total 6144K, used 5495K [0x00000000d5580000, 0x00000000d5c80000, 0x0000000100000000)
  eden space 4608K, 98% used [0x00000000d5580000,0x00000000d59eb7d8,0x00000000d5a00000)
  from space 1536K, 63% used [0x00000000d5a00000,0x00000000d5af2508,0x00000000d5b80000)
  to   space 1024K, 0% used [0x00000000d5b80000,0x00000000d5b80000,0x00000000d5c80000)
 ParOldGen       total 88576K, used 76510K [0x0000000080000000, 0x0000000085680000, 0x00000000d5580000)
  object space 88576K, 86% used [0x0000000080000000,0x0000000084ab79b8,0x0000000085680000)
 Metaspace       used 59637K, committed 61056K, reserved 1114112K
  class space    used 6334K, committed 6912K, reserved 1048576K
}
Event: 43.360 GC heap after
{Heap after GC invocations=109 (full 3):
 PSYoungGen      total 5120K, used 301K [0x00000000d5580000, 0x00000000d5c00000, 0x0000000100000000)
  eden space 4608K, 0% used [0x00000000d5580000,0x00000000d5580000,0x00000000d5a00000)
  from space 512K, 58% used [0x00000000d5b80000,0x00000000d5bcb500,0x00000000d5c00000)
  to   space 1024K, 0% used [0x00000000d5a00000,0x00000000d5a00000,0x00000000d5b00000)
 ParOldGen       total 88576K, used 76526K [0x0000000080000000, 0x0000000085680000, 0x00000000d5580000)
  object space 88576K, 86% used [0x0000000080000000,0x0000000084abb9b8,0x0000000085680000)
 Metaspace       used 59637K, committed 61056K, reserved 1114112K
  class space    used 6334K, committed 6912K, reserved 1048576K
}
Event: 43.377 GC heap before
{Heap before GC invocations=110 (full 3):
 PSYoungGen      total 5120K, used 4886K [0x00000000d5580000, 0x00000000d5c00000, 0x0000000100000000)
  eden space 4608K, 99% used [0x00000000d5580000,0x00000000d59fa488,0x00000000d5a00000)
  from space 512K, 58% used [0x00000000d5b80000,0x00000000d5bcb500,0x00000000d5c00000)
  to   space 1024K, 0% used [0x00000000d5a00000,0x00000000d5a00000,0x00000000d5b00000)
 ParOldGen       total 88576K, used 76526K [0x0000000080000000, 0x0000000085680000, 0x00000000d5580000)
  object space 88576K, 86% used [0x0000000080000000,0x0000000084abb9b8,0x0000000085680000)
 Metaspace       used 59638K, committed 61056K, reserved 1114112K
  class space    used 6334K, committed 6912K, reserved 1048576K
}
Event: 43.382 GC heap after
{Heap after GC invocations=110 (full 3):
 PSYoungGen      total 5632K, used 905K [0x00000000d5580000, 0x00000000d5c00000, 0x0000000100000000)
  eden space 4608K, 0% used [0x00000000d5580000,0x00000000d5580000,0x00000000d5a00000)
  from space 1024K, 88% used [0x00000000d5a00000,0x00000000d5ae2578,0x00000000d5b00000)
  to   space 1024K, 0% used [0x00000000d5b00000,0x00000000d5b00000,0x00000000d5c00000)
 ParOldGen       total 88576K, used 76542K [0x0000000080000000, 0x0000000085680000, 0x00000000d5580000)
  object space 88576K, 86% used [0x0000000080000000,0x0000000084abf9b8,0x0000000085680000)
 Metaspace       used 59638K, committed 61056K, reserved 1114112K
  class space    used 6334K, committed 6912K, reserved 1048576K
}
Event: 43.399 GC heap before
{Heap before GC invocations=111 (full 3):
 PSYoungGen      total 5632K, used 5513K [0x00000000d5580000, 0x00000000d5c00000, 0x0000000100000000)
  eden space 4608K, 100% used [0x00000000d5580000,0x00000000d5a00000,0x00000000d5a00000)
  from space 1024K, 88% used [0x00000000d5a00000,0x00000000d5ae2578,0x00000000d5b00000)
  to   space 1024K, 0% used [0x00000000d5b00000,0x00000000d5b00000,0x00000000d5c00000)
 ParOldGen       total 88576K, used 76542K [0x0000000080000000, 0x0000000085680000, 0x00000000d5580000)
  object space 88576K, 86% used [0x0000000080000000,0x0000000084abf9b8,0x0000000085680000)
 Metaspace       used 59639K, committed 61056K, reserved 1114112K
  class space    used 6334K, committed 6912K, reserved 1048576K
}
Event: 43.401 GC heap after
{Heap after GC invocations=111 (full 3):
 PSYoungGen      total 5632K, used 425K [0x00000000d5580000, 0x00000000d5c00000, 0x0000000100000000)
  eden space 4608K, 0% used [0x00000000d5580000,0x00000000d5580000,0x00000000d5a00000)
  from space 1024K, 41% used [0x00000000d5b00000,0x00000000d5b6a7d8,0x00000000d5c00000)
  to   space 1024K, 0% used [0x00000000d5a00000,0x00000000d5a00000,0x00000000d5b00000)
 ParOldGen       total 88576K, used 76542K [0x0000000080000000, 0x0000000085680000, 0x00000000d5580000)
  object space 88576K, 86% used [0x0000000080000000,0x0000000084abf9b8,0x0000000085680000)
 Metaspace       used 59639K, committed 61056K, reserved 1114112K
  class space    used 6334K, committed 6912K, reserved 1048576K
}
Event: 43.460 GC heap before
{Heap before GC invocations=112 (full 3):
 PSYoungGen      total 5632K, used 5033K [0x00000000d5580000, 0x00000000d5c00000, 0x0000000100000000)
  eden space 4608K, 100% used [0x00000000d5580000,0x00000000d5a00000,0x00000000d5a00000)
  from space 1024K, 41% used [0x00000000d5b00000,0x00000000d5b6a7d8,0x00000000d5c00000)
  to   space 1024K, 0% used [0x00000000d5a00000,0x00000000d5a00000,0x00000000d5b00000)
 ParOldGen       total 88576K, used 76542K [0x0000000080000000, 0x0000000085680000, 0x00000000d5580000)
  object space 88576K, 86% used [0x0000000080000000,0x0000000084abf9b8,0x0000000085680000)
 Metaspace       used 60220K, committed 61632K, reserved 1114112K
  class space    used 6385K, committed 6976K, reserved 1048576K
}
Event: 43.462 GC heap after
{Heap after GC invocations=112 (full 3):
 PSYoungGen      total 5632K, used 192K [0x00000000d5580000, 0x00000000d5b80000, 0x0000000100000000)
  eden space 4608K, 0% used [0x00000000d5580000,0x00000000d5580000,0x00000000d5a00000)
  from space 1024K, 18% used [0x00000000d5a00000,0x00000000d5a30000,0x00000000d5b00000)
  to   space 512K, 0% used [0x00000000d5b00000,0x00000000d5b00000,0x00000000d5b80000)
 ParOldGen       total 88576K, used 76550K [0x0000000080000000, 0x0000000085680000, 0x00000000d5580000)
  object space 88576K, 86% used [0x0000000080000000,0x0000000084ac19b8,0x0000000085680000)
 Metaspace       used 60220K, committed 61632K, reserved 1114112K
  class space    used 6385K, committed 6976K, reserved 1048576K
}
Event: 43.628 GC heap before
{Heap before GC invocations=113 (full 3):
 PSYoungGen      total 5632K, used 4800K [0x00000000d5580000, 0x00000000d5b80000, 0x0000000100000000)
  eden space 4608K, 100% used [0x00000000d5580000,0x00000000d5a00000,0x00000000d5a00000)
  from space 1024K, 18% used [0x00000000d5a00000,0x00000000d5a30000,0x00000000d5b00000)
  to   space 512K, 0% used [0x00000000d5b00000,0x00000000d5b00000,0x00000000d5b80000)
 ParOldGen       total 88576K, used 76550K [0x0000000080000000, 0x0000000085680000, 0x00000000d5580000)
  object space 88576K, 86% used [0x0000000080000000,0x0000000084ac19b8,0x0000000085680000)
 Metaspace       used 60954K, committed 62400K, reserved 1114112K
  class space    used 6463K, committed 7040K, reserved 1048576K
}
Event: 43.630 GC heap after
{Heap after GC invocations=113 (full 3):
 PSYoungGen      total 5120K, used 480K [0x00000000d5580000, 0x00000000d5c00000, 0x0000000100000000)
  eden space 4608K, 0% used [0x00000000d5580000,0x00000000d5580000,0x00000000d5a00000)
  from space 512K, 93% used [0x00000000d5b00000,0x00000000d5b78000,0x00000000d5b80000)
  to   space 1024K, 0% used [0x00000000d5a00000,0x00000000d5a00000,0x00000000d5b00000)
 ParOldGen       total 88576K, used 76590K [0x0000000080000000, 0x0000000085680000, 0x00000000d5580000)
  object space 88576K, 86% used [0x0000000080000000,0x0000000084acb9b8,0x0000000085680000)
 Metaspace       used 60954K, committed 62400K, reserved 1114112K
  class space    used 6463K, committed 7040K, reserved 1048576K
}
Event: 44.032 GC heap before
{Heap before GC invocations=114 (full 3):
 PSYoungGen      total 5120K, used 5088K [0x00000000d5580000, 0x00000000d5c00000, 0x0000000100000000)
  eden space 4608K, 100% used [0x00000000d5580000,0x00000000d5a00000,0x00000000d5a00000)
  from space 512K, 93% used [0x00000000d5b00000,0x00000000d5b78000,0x00000000d5b80000)
  to   space 1024K, 0% used [0x00000000d5a00000,0x00000000d5a00000,0x00000000d5b00000)
 ParOldGen       total 88576K, used 76590K [0x0000000080000000, 0x0000000085680000, 0x00000000d5580000)
  object space 88576K, 86% used [0x0000000080000000,0x0000000084acb9b8,0x0000000085680000)
 Metaspace       used 61307K, committed 62720K, reserved 1114112K
  class space    used 6511K, committed 7104K, reserved 1048576K
}
Event: 44.034 GC heap after
{Heap after GC invocations=114 (full 3):
 PSYoungGen      total 5632K, used 416K [0x00000000d5580000, 0x00000000d5b80000, 0x0000000100000000)
  eden space 4608K, 0% used [0x00000000d5580000,0x00000000d5580000,0x00000000d5a00000)
  from space 1024K, 40% used [0x00000000d5a00000,0x00000000d5a68000,0x00000000d5b00000)
  to   space 512K, 0% used [0x00000000d5b00000,0x00000000d5b00000,0x00000000d5b80000)
 ParOldGen       total 88576K, used 76862K [0x0000000080000000, 0x0000000085680000, 0x00000000d5580000)
  object space 88576K, 86% used [0x0000000080000000,0x0000000084b0f9d8,0x0000000085680000)
 Metaspace       used 61307K, committed 62720K, reserved 1114112K
  class space    used 6511K, committed 7104K, reserved 1048576K
}

