# JRE version: OpenJDK Runtime Environment Temurin-21.0.8+9 (21.0.8+9) (build 21.0.8+9-LTS)
# Java VM: OpenJDK 64-Bit Server VM Temurin-21.0.8+9 (21.0.8+9-LTS, mixed mode, sharing, tiered, compressed oops, compressed class ptrs, parallel gc, windows-amd64)
GC Precious Log:
 CardTable entry size: 512
 CPUs: 12 total, 12 available
 Memory: 16052M
 Large Page Support: Disabled
 NUMA Support: Disabled
 Compressed Oops: Enabled (32-bit)
 Alignments: Space 512K, Generation 512K, Heap 2M
 Heap Min Capacity: 100M
 Heap Initial Capacity: 100M
 Heap Max Capacity: 2G
 Pre-touch: Disabled
 Parallel Workers: 10
Heap:
 PSYoungGen      total 17920K, used 12382K [0x00000000d5580000, 0x00000000d6b80000, 0x0000000100000000)
  eden space 16384K, 68% used [0x00000000d5580000,0x00000000d60893e0,0x00000000d6580000)
  from space 1536K, 70% used [0x00000000d6880000,0x00000000d698e5f0,0x00000000d6a00000)
  to   space 1536K, 0% used [0x00000000d6a00000,0x00000000d6a00000,0x00000000d6b80000)
 ParOldGen       total 68608K, used 34338K [0x0000000080000000, 0x0000000084300000, 0x00000000d5580000)
  object space 68608K, 50% used [0x0000000080000000,0x0000000082188af0,0x0000000084300000)
 Metaspace       used 51788K, committed 53120K, reserved 1114112K
  class space    used 5692K, committed 6272K, reserved 1048576K
GC Heap History (20 events):
Event: 40.200 GC heap before
{Heap before GC invocations=14 (full 1):
 PSYoungGen      total 24576K, used 13744K [0x00000000d5580000, 0x00000000d7180000, 0x0000000100000000)
  eden space 23040K, 55% used [0x00000000d5580000,0x00000000d61e0c00,0x00000000d6c00000)
  from space 1536K, 69% used [0x00000000d7000000,0x00000000d710b500,0x00000000d7180000)
  to   space 1536K, 0% used [0x00000000d6e80000,0x00000000d6e80000,0x00000000d7000000)
 ParOldGen       total 68608K, used 17835K [0x0000000080000000, 0x0000000084300000, 0x00000000d5580000)
  object space 68608K, 25% used [0x0000000080000000,0x000000008116acd0,0x0000000084300000)
 Metaspace       used 34769K, committed 35840K, reserved 1114112K
  class space    used 3608K, committed 4096K, reserved 1048576K
}
Event: 40.207 GC heap after
{Heap after GC invocations=14 (full 1):
 PSYoungGen      total 24576K, used 1120K [0x00000000d5580000, 0x00000000d7080000, 0x0000000100000000)
  eden space 23040K, 0% used [0x00000000d5580000,0x00000000d5580000,0x00000000d6c00000)
  from space 1536K, 72% used [0x00000000d6e80000,0x00000000d6f982c8,0x00000000d7000000)
  to   space 512K, 0% used [0x00000000d7000000,0x00000000d7000000,0x00000000d7080000)
 ParOldGen       total 68608K, used 18751K [0x0000000080000000, 0x0000000084300000, 0x00000000d5580000)
  object space 68608K, 27% used [0x0000000080000000,0x000000008124fde8,0x0000000084300000)
 Metaspace       used 34769K, committed 35840K, reserved 1114112K
  class space    used 3608K, committed 4096K, reserved 1048576K
}
Event: 40.207 GC heap before
{Heap before GC invocations=15 (full 2):
 PSYoungGen      total 24576K, used 1120K [0x00000000d5580000, 0x00000000d7080000, 0x0000000100000000)
  eden space 23040K, 0% used [0x00000000d5580000,0x00000000d5580000,0x00000000d6c00000)
  from space 1536K, 72% used [0x00000000d6e80000,0x00000000d6f982c8,0x00000000d7000000)
  to   space 512K, 0% used [0x00000000d7000000,0x00000000d7000000,0x00000000d7080000)
 ParOldGen       total 68608K, used 18751K [0x0000000080000000, 0x0000000084300000, 0x00000000d5580000)
  object space 68608K, 27% used [0x0000000080000000,0x000000008124fde8,0x0000000084300000)
 Metaspace       used 34769K, committed 35840K, reserved 1114112K
  class space    used 3608K, committed 4096K, reserved 1048576K
}
Event: 40.282 GC heap after
{Heap after GC invocations=15 (full 2):
 PSYoungGen      total 24576K, used 0K [0x00000000d5580000, 0x00000000d7080000, 0x0000000100000000)
  eden space 23040K, 0% used [0x00000000d5580000,0x00000000d5580000,0x00000000d6c00000)
  from space 1536K, 0% used [0x00000000d6e80000,0x00000000d6e80000,0x00000000d7000000)
  to   space 512K, 0% used [0x00000000d7000000,0x00000000d7000000,0x00000000d7080000)
 ParOldGen       total 68608K, used 19042K [0x0000000080000000, 0x0000000084300000, 0x00000000d5580000)
  object space 68608K, 27% used [0x0000000080000000,0x0000000081298988,0x0000000084300000)
 Metaspace       used 34769K, committed 35840K, reserved 1114112K
  class space    used 3608K, committed 4096K, reserved 1048576K
}
Event: 40.843 GC heap before
{Heap before GC invocations=16 (full 2):
 PSYoungGen      total 24576K, used 23040K [0x00000000d5580000, 0x00000000d7080000, 0x0000000100000000)
  eden space 23040K, 100% used [0x00000000d5580000,0x00000000d6c00000,0x00000000d6c00000)
  from space 1536K, 0% used [0x00000000d6e80000,0x00000000d6e80000,0x00000000d7000000)
  to   space 512K, 0% used [0x00000000d7000000,0x00000000d7000000,0x00000000d7080000)
 ParOldGen       total 68608K, used 19049K [0x0000000080000000, 0x0000000084300000, 0x00000000d5580000)
  object space 68608K, 27% used [0x0000000080000000,0x000000008129a730,0x0000000084300000)
 Metaspace       used 36980K, committed 38144K, reserved 1114112K
  class space    used 3857K, committed 4352K, reserved 1048576K
}
Event: 40.846 GC heap after
{Heap after GC invocations=16 (full 2):
 PSYoungGen      total 23040K, used 512K [0x00000000d5580000, 0x00000000d7080000, 0x0000000100000000)
  eden space 22528K, 0% used [0x00000000d5580000,0x00000000d5580000,0x00000000d6b80000)
  from space 512K, 100% used [0x00000000d7000000,0x00000000d7080000,0x00000000d7080000)
  to   space 2560K, 0% used [0x00000000d6b80000,0x00000000d6b80000,0x00000000d6e00000)
 ParOldGen       total 68608K, used 20487K [0x0000000080000000, 0x0000000084300000, 0x00000000d5580000)
  object space 68608K, 29% used [0x0000000080000000,0x0000000081401fe8,0x0000000084300000)
 Metaspace       used 36980K, committed 38144K, reserved 1114112K
  class space    used 3857K, committed 4352K, reserved 1048576K
}
Event: 43.032 GC heap before
{Heap before GC invocations=17 (full 2):
 PSYoungGen      total 23040K, used 23040K [0x00000000d5580000, 0x00000000d7080000, 0x0000000100000000)
  eden space 22528K, 100% used [0x00000000d5580000,0x00000000d6b80000,0x00000000d6b80000)
  from space 512K, 100% used [0x00000000d7000000,0x00000000d7080000,0x00000000d7080000)
  to   space 2560K, 0% used [0x00000000d6b80000,0x00000000d6b80000,0x00000000d6e00000)
 ParOldGen       total 68608K, used 20487K [0x0000000080000000, 0x0000000084300000, 0x00000000d5580000)
  object space 68608K, 29% used [0x0000000080000000,0x0000000081401fe8,0x0000000084300000)
 Metaspace       used 39868K, committed 41088K, reserved 1114112K
  class space    used 4234K, committed 4736K, reserved 1048576K
}
Event: 43.045 GC heap after
{Heap after GC invocations=17 (full 2):
 PSYoungGen      total 24576K, used 1280K [0x00000000d5580000, 0x00000000d7080000, 0x0000000100000000)
  eden space 22016K, 0% used [0x00000000d5580000,0x00000000d5580000,0x00000000d6b00000)
  from space 2560K, 50% used [0x00000000d6b80000,0x00000000d6cc0000,0x00000000d6e00000)
  to   space 1536K, 0% used [0x00000000d6f00000,0x00000000d6f00000,0x00000000d7080000)
 ParOldGen       total 68608K, used 20895K [0x0000000080000000, 0x0000000084300000, 0x00000000d5580000)
  object space 68608K, 30% used [0x0000000080000000,0x0000000081467e08,0x0000000084300000)
 Metaspace       used 39868K, committed 41088K, reserved 1114112K
  class space    used 4234K, committed 4736K, reserved 1048576K
}
Event: 45.420 GC heap before
{Heap before GC invocations=18 (full 2):
 PSYoungGen      total 24576K, used 23296K [0x00000000d5580000, 0x00000000d7080000, 0x0000000100000000)
  eden space 22016K, 100% used [0x00000000d5580000,0x00000000d6b00000,0x00000000d6b00000)
  from space 2560K, 50% used [0x00000000d6b80000,0x00000000d6cc0000,0x00000000d6e00000)
  to   space 1536K, 0% used [0x00000000d6f00000,0x00000000d6f00000,0x00000000d7080000)
 ParOldGen       total 68608K, used 20895K [0x0000000080000000, 0x0000000084300000, 0x00000000d5580000)
  object space 68608K, 30% used [0x0000000080000000,0x0000000081467e08,0x0000000084300000)
 Metaspace       used 42684K, committed 43904K, reserved 1114112K
  class space    used 4597K, committed 5120K, reserved 1048576K
}
Event: 45.430 GC heap after
{Heap after GC invocations=18 (full 2):
 PSYoungGen      total 23552K, used 1312K [0x00000000d5580000, 0x00000000d7080000, 0x0000000100000000)
  eden space 22016K, 0% used [0x00000000d5580000,0x00000000d5580000,0x00000000d6b00000)
  from space 1536K, 85% used [0x00000000d6f00000,0x00000000d7048028,0x00000000d7080000)
  to   space 1536K, 0% used [0x00000000d6d80000,0x00000000d6d80000,0x00000000d6f00000)
 ParOldGen       total 68608K, used 22004K [0x0000000080000000, 0x0000000084300000, 0x00000000d5580000)
  object space 68608K, 32% used [0x0000000080000000,0x000000008157d390,0x0000000084300000)
 Metaspace       used 42684K, committed 43904K, reserved 1114112K
  class space    used 4597K, committed 5120K, reserved 1048576K
}
Event: 47.853 GC heap before
{Heap before GC invocations=19 (full 2):
 PSYoungGen      total 23552K, used 23319K [0x00000000d5580000, 0x00000000d7080000, 0x0000000100000000)
  eden space 22016K, 99% used [0x00000000d5580000,0x00000000d6afdf10,0x00000000d6b00000)
  from space 1536K, 85% used [0x00000000d6f00000,0x00000000d7048028,0x00000000d7080000)
  to   space 1536K, 0% used [0x00000000d6d80000,0x00000000d6d80000,0x00000000d6f00000)
 ParOldGen       total 68608K, used 22004K [0x0000000080000000, 0x0000000084300000, 0x00000000d5580000)
  object space 68608K, 32% used [0x0000000080000000,0x000000008157d390,0x0000000084300000)
 Metaspace       used 45357K, committed 46656K, reserved 1114112K
  class space    used 4897K, committed 5504K, reserved 1048576K
}
Event: 47.859 GC heap after
{Heap after GC invocations=19 (full 2):
 PSYoungGen      total 23552K, used 1536K [0x00000000d5580000, 0x00000000d7100000, 0x0000000100000000)
  eden space 22016K, 0% used [0x00000000d5580000,0x00000000d5580000,0x00000000d6b00000)
  from space 1536K, 100% used [0x00000000d6d80000,0x00000000d6f00000,0x00000000d6f00000)
  to   space 2048K, 0% used [0x00000000d6f00000,0x00000000d6f00000,0x00000000d7100000)
 ParOldGen       total 68608K, used 23151K [0x0000000080000000, 0x0000000084300000, 0x00000000d5580000)
  object space 68608K, 33% used [0x0000000080000000,0x000000008169bee8,0x0000000084300000)
 Metaspace       used 45357K, committed 46656K, reserved 1114112K
  class space    used 4897K, committed 5504K, reserved 1048576K
}
Event: 49.290 GC heap before
{Heap before GC invocations=20 (full 2):
 PSYoungGen      total 23552K, used 23552K [0x00000000d5580000, 0x00000000d7100000, 0x0000000100000000)
  eden space 22016K, 100% used [0x00000000d5580000,0x00000000d6b00000,0x00000000d6b00000)
  from space 1536K, 100% used [0x00000000d6d80000,0x00000000d6f00000,0x00000000d6f00000)
  to   space 2048K, 0% used [0x00000000d6f00000,0x00000000d6f00000,0x00000000d7100000)
 ParOldGen       total 68608K, used 23151K [0x0000000080000000, 0x0000000084300000, 0x00000000d5580000)
  object space 68608K, 33% used [0x0000000080000000,0x000000008169bee8,0x0000000084300000)
 Metaspace       used 46296K, committed 47552K, reserved 1114112K
  class space    used 5015K, committed 5568K, reserved 1048576K
}
Event: 49.299 GC heap after
{Heap after GC invocations=20 (full 2):
 PSYoungGen      total 18432K, used 2045K [0x00000000d5580000, 0x00000000d7e00000, 0x0000000100000000)
  eden space 16384K, 0% used [0x00000000d5580000,0x00000000d5580000,0x00000000d6580000)
  from space 2048K, 99% used [0x00000000d6f00000,0x00000000d70ff658,0x00000000d7100000)
  to   space 9728K, 0% used [0x00000000d6580000,0x00000000d6580000,0x00000000d6f00000)
 ParOldGen       total 68608K, used 29613K [0x0000000080000000, 0x0000000084300000, 0x00000000d5580000)
  object space 68608K, 43% used [0x0000000080000000,0x0000000081ceb7d8,0x0000000084300000)
 Metaspace       used 46296K, committed 47552K, reserved 1114112K
  class space    used 5015K, committed 5568K, reserved 1048576K
}
Event: 50.473 GC heap before
{Heap before GC invocations=21 (full 2):
 PSYoungGen      total 18432K, used 18429K [0x00000000d5580000, 0x00000000d7e00000, 0x0000000100000000)
  eden space 16384K, 100% used [0x00000000d5580000,0x00000000d6580000,0x00000000d6580000)
  from space 2048K, 99% used [0x00000000d6f00000,0x00000000d70ff658,0x00000000d7100000)
  to   space 9728K, 0% used [0x00000000d6580000,0x00000000d6580000,0x00000000d6f00000)
 ParOldGen       total 68608K, used 29613K [0x0000000080000000, 0x0000000084300000, 0x00000000d5580000)
  object space 68608K, 43% used [0x0000000080000000,0x0000000081ceb7d8,0x0000000084300000)
 Metaspace       used 48275K, committed 49536K, reserved 1114112K
  class space    used 5262K, committed 5824K, reserved 1048576K
}
Event: 50.479 GC heap after
{Heap after GC invocations=21 (full 2):
 PSYoungGen      total 18432K, used 1968K [0x00000000d5580000, 0x00000000d6f80000, 0x0000000100000000)
  eden space 16384K, 0% used [0x00000000d5580000,0x00000000d5580000,0x00000000d6580000)
  from space 2048K, 96% used [0x00000000d6580000,0x00000000d676c048,0x00000000d6780000)
  to   space 4608K, 0% used [0x00000000d6b00000,0x00000000d6b00000,0x00000000d6f80000)
 ParOldGen       total 68608K, used 31666K [0x0000000080000000, 0x0000000084300000, 0x00000000d5580000)
  object space 68608K, 46% used [0x0000000080000000,0x0000000081eeca18,0x0000000084300000)
 Metaspace       used 48275K, committed 49536K, reserved 1114112K
  class space    used 5262K, committed 5824K, reserved 1048576K
}
Event: 51.688 GC heap before
{Heap before GC invocations=22 (full 2):
 PSYoungGen      total 18432K, used 18344K [0x00000000d5580000, 0x00000000d6f80000, 0x0000000100000000)
  eden space 16384K, 99% used [0x00000000d5580000,0x00000000d657e1c0,0x00000000d6580000)
  from space 2048K, 96% used [0x00000000d6580000,0x00000000d676c048,0x00000000d6780000)
  to   space 4608K, 0% used [0x00000000d6b00000,0x00000000d6b00000,0x00000000d6f80000)
 ParOldGen       total 68608K, used 31666K [0x0000000080000000, 0x0000000084300000, 0x00000000d5580000)
  object space 68608K, 46% used [0x0000000080000000,0x0000000081eeca18,0x0000000084300000)
 Metaspace       used 50019K, committed 51264K, reserved 1114112K
  class space    used 5507K, committed 6080K, reserved 1048576K
}
Event: 51.694 GC heap after
{Heap after GC invocations=22 (full 2):
 PSYoungGen      total 17920K, used 1119K [0x00000000d5580000, 0x00000000d6c80000, 0x0000000100000000)
  eden space 16384K, 0% used [0x00000000d5580000,0x00000000d5580000,0x00000000d6580000)
  from space 1536K, 72% used [0x00000000d6b00000,0x00000000d6c17ef0,0x00000000d6c80000)
  to   space 2048K, 0% used [0x00000000d6880000,0x00000000d6880000,0x00000000d6a80000)
 ParOldGen       total 68608K, used 33442K [0x0000000080000000, 0x0000000084300000, 0x00000000d5580000)
  object space 68608K, 48% used [0x0000000080000000,0x00000000820a8ad0,0x0000000084300000)
 Metaspace       used 50019K, committed 51264K, reserved 1114112K
  class space    used 5507K, committed 6080K, reserved 1048576K
}
Event: 52.735 GC heap before
{Heap before GC invocations=23 (full 2):
 PSYoungGen      total 17920K, used 17503K [0x00000000d5580000, 0x00000000d6c80000, 0x0000000100000000)
  eden space 16384K, 99% used [0x00000000d5580000,0x00000000d657ffe8,0x00000000d6580000)
  from space 1536K, 72% used [0x00000000d6b00000,0x00000000d6c17ef0,0x00000000d6c80000)
  to   space 2048K, 0% used [0x00000000d6880000,0x00000000d6880000,0x00000000d6a80000)
 ParOldGen       total 68608K, used 33442K [0x0000000080000000, 0x0000000084300000, 0x00000000d5580000)
  object space 68608K, 48% used [0x0000000080000000,0x00000000820a8ad0,0x0000000084300000)
 Metaspace       used 51768K, committed 53056K, reserved 1114112K
  class space    used 5692K, committed 6272K, reserved 1048576K
}
Event: 52.738 GC heap after
{Heap after GC invocations=23 (full 2):
 PSYoungGen      total 17920K, used 1081K [0x00000000d5580000, 0x00000000d6b80000, 0x0000000100000000)
  eden space 16384K, 0% used [0x00000000d5580000,0x00000000d5580000,0x00000000d6580000)
  from space 1536K, 70% used [0x00000000d6880000,0x00000000d698e5f0,0x00000000d6a00000)
  to   space 1536K, 0% used [0x00000000d6a00000,0x00000000d6a00000,0x00000000d6b80000)
 ParOldGen       total 68608K, used 34338K [0x0000000080000000, 0x0000000084300000, 0x00000000d5580000)
  object space 68608K, 50% used [0x0000000080000000,0x0000000082188af0,0x0000000084300000)
 Metaspace       used 51768K, committed 53056K, reserved 1114112K
  class space    used 5692K, committed 6272K, reserved 1048576K
}

