# JRE version: OpenJDK Runtime Environment Temurin-21.0.8+9 (21.0.8+9) (build 21.0.8+9-LTS)
# Java VM: OpenJDK 64-Bit Server VM Temurin-21.0.8+9 (21.0.8+9-LTS, mixed mode, sharing, tiered, compressed oops, compressed class ptrs, parallel gc, windows-amd64)
GC Precious Log:
 CardTable entry size: 512
 CPUs: 12 total, 12 available
 Memory: 16052M
 Large Page Support: Disabled
 NUMA Support: Disabled
 Compressed Oops: Enabled (32-bit)
 Alignments: Space 512K, Generation 512K, Heap 2M
 Heap Min Capacity: 100M
 Heap Initial Capacity: 100M
 Heap Max Capacity: 2G
 Pre-touch: Disabled
 Parallel Workers: 10
Heap:
 PSYoungGen      total 4608K, used 1183K [0x00000000d5580000, 0x00000000d5c00000, 0x0000000100000000)
  eden space 4096K, 17% used [0x00000000d5580000,0x00000000d5637d08,0x00000000d5980000)
  from space 512K, 87% used [0x00000000d5b80000,0x00000000d5bf0000,0x00000000d5c00000)
  to   space 1024K, 0% used [0x00000000d5a00000,0x00000000d5a00000,0x00000000d5b00000)
 ParOldGen       total 685056K, used 685037K [0x0000000080000000, 0x00000000a9d00000, 0x00000000d5580000)
  object space 685056K, 99% used [0x0000000080000000,0x00000000a9cfb648,0x00000000a9d00000)
 Metaspace       used 73802K, committed 75392K, reserved 1179648K
  class space    used 7634K, committed 8320K, reserved 1048576K
GC Heap History (20 events):
Event: 89.542 GC heap before
{Heap before GC invocations=1640 (full 3):
 PSYoungGen      total 4608K, used 4606K [0x00000000d5580000, 0x00000000d5b80000, 0x0000000100000000)
  eden space 4096K, 100% used [0x00000000d5580000,0x00000000d5980000,0x00000000d5980000)
  from space 512K, 99% used [0x00000000d5a80000,0x00000000d5aff968,0x00000000d5b00000)
  to   space 1024K, 0% used [0x00000000d5980000,0x00000000d5980000,0x00000000d5a80000)
 ParOldGen       total 681472K, used 681135K [0x0000000080000000, 0x00000000a9980000, 0x00000000d5580000)
  object space 681472K, 99% used [0x0000000080000000,0x00000000a992bd28,0x00000000a9980000)
 Metaspace       used 73226K, committed 74752K, reserved 1179648K
  class space    used 7570K, committed 8256K, reserved 1048576K
}
Event: 89.544 GC heap after
{Heap after GC invocations=1640 (full 3):
 PSYoungGen      total 5120K, used 406K [0x00000000d5580000, 0x00000000d5b00000, 0x0000000100000000)
  eden space 4096K, 0% used [0x00000000d5580000,0x00000000d5580000,0x00000000d5980000)
  from space 1024K, 39% used [0x00000000d5980000,0x00000000d59e5a80,0x00000000d5a80000)
  to   space 512K, 0% used [0x00000000d5a80000,0x00000000d5a80000,0x00000000d5b00000)
 ParOldGen       total 681984K, used 681517K [0x0000000080000000, 0x00000000a9a00000, 0x00000000d5580000)
  object space 681984K, 99% used [0x0000000080000000,0x00000000a998b5a8,0x00000000a9a00000)
 Metaspace       used 73226K, committed 74752K, reserved 1179648K
  class space    used 7570K, committed 8256K, reserved 1048576K
}
Event: 89.568 GC heap before
{Heap before GC invocations=1641 (full 3):
 PSYoungGen      total 5120K, used 4502K [0x00000000d5580000, 0x00000000d5b00000, 0x0000000100000000)
  eden space 4096K, 100% used [0x00000000d5580000,0x00000000d5980000,0x00000000d5980000)
  from space 1024K, 39% used [0x00000000d5980000,0x00000000d59e5a80,0x00000000d5a80000)
  to   space 512K, 0% used [0x00000000d5a80000,0x00000000d5a80000,0x00000000d5b00000)
 ParOldGen       total 681984K, used 681517K [0x0000000080000000, 0x00000000a9a00000, 0x00000000d5580000)
  object space 681984K, 99% used [0x0000000080000000,0x00000000a998b5a8,0x00000000a9a00000)
 Metaspace       used 73226K, committed 74752K, reserved 1179648K
  class space    used 7570K, committed 8256K, reserved 1048576K
}
Event: 89.571 GC heap after
{Heap after GC invocations=1641 (full 3):
 PSYoungGen      total 4608K, used 431K [0x00000000d5580000, 0x00000000d5b00000, 0x0000000100000000)
  eden space 4096K, 0% used [0x00000000d5580000,0x00000000d5580000,0x00000000d5980000)
  from space 512K, 84% used [0x00000000d5a80000,0x00000000d5aebc28,0x00000000d5b00000)
  to   space 512K, 0% used [0x00000000d5a00000,0x00000000d5a00000,0x00000000d5a80000)
 ParOldGen       total 681984K, used 681757K [0x0000000080000000, 0x00000000a9a00000, 0x00000000d5580000)
  object space 681984K, 99% used [0x0000000080000000,0x00000000a99c76a0,0x00000000a9a00000)
 Metaspace       used 73226K, committed 74752K, reserved 1179648K
  class space    used 7570K, committed 8256K, reserved 1048576K
}
Event: 89.591 GC heap before
{Heap before GC invocations=1642 (full 3):
 PSYoungGen      total 4608K, used 4527K [0x00000000d5580000, 0x00000000d5b00000, 0x0000000100000000)
  eden space 4096K, 100% used [0x00000000d5580000,0x00000000d5980000,0x00000000d5980000)
  from space 512K, 84% used [0x00000000d5a80000,0x00000000d5aebc28,0x00000000d5b00000)
  to   space 512K, 0% used [0x00000000d5a00000,0x00000000d5a00000,0x00000000d5a80000)
 ParOldGen       total 681984K, used 681757K [0x0000000080000000, 0x00000000a9a00000, 0x00000000d5580000)
  object space 681984K, 99% used [0x0000000080000000,0x00000000a99c76a0,0x00000000a9a00000)
 Metaspace       used 73226K, committed 74752K, reserved 1179648K
  class space    used 7570K, committed 8256K, reserved 1048576K
}
Event: 89.593 GC heap after
{Heap after GC invocations=1642 (full 3):
 PSYoungGen      total 4608K, used 503K [0x00000000d5580000, 0x00000000d5b80000, 0x0000000100000000)
  eden space 4096K, 0% used [0x00000000d5580000,0x00000000d5580000,0x00000000d5980000)
  from space 512K, 98% used [0x00000000d5a00000,0x00000000d5a7ddf8,0x00000000d5a80000)
  to   space 1024K, 0% used [0x00000000d5a80000,0x00000000d5a80000,0x00000000d5b80000)
 ParOldGen       total 682496K, used 682041K [0x0000000080000000, 0x00000000a9a80000, 0x00000000d5580000)
  object space 682496K, 99% used [0x0000000080000000,0x00000000a9a0e7a0,0x00000000a9a80000)
 Metaspace       used 73226K, committed 74752K, reserved 1179648K
  class space    used 7570K, committed 8256K, reserved 1048576K
}
Event: 89.606 GC heap before
{Heap before GC invocations=1643 (full 3):
 PSYoungGen      total 4608K, used 4599K [0x00000000d5580000, 0x00000000d5b80000, 0x0000000100000000)
  eden space 4096K, 100% used [0x00000000d5580000,0x00000000d5980000,0x00000000d5980000)
  from space 512K, 98% used [0x00000000d5a00000,0x00000000d5a7ddf8,0x00000000d5a80000)
  to   space 1024K, 0% used [0x00000000d5a80000,0x00000000d5a80000,0x00000000d5b80000)
 ParOldGen       total 682496K, used 682041K [0x0000000080000000, 0x00000000a9a80000, 0x00000000d5580000)
  object space 682496K, 99% used [0x0000000080000000,0x00000000a9a0e7a0,0x00000000a9a80000)
 Metaspace       used 73226K, committed 74752K, reserved 1179648K
  class space    used 7570K, committed 8256K, reserved 1048576K
}
Event: 89.610 GC heap after
{Heap after GC invocations=1643 (full 3):
 PSYoungGen      total 5120K, used 733K [0x00000000d5580000, 0x00000000d5b80000, 0x0000000100000000)
  eden space 4096K, 0% used [0x00000000d5580000,0x00000000d5580000,0x00000000d5980000)
  from space 1024K, 71% used [0x00000000d5a80000,0x00000000d5b374d0,0x00000000d5b80000)
  to   space 1024K, 0% used [0x00000000d5980000,0x00000000d5980000,0x00000000d5a80000)
 ParOldGen       total 682496K, used 682415K [0x0000000080000000, 0x00000000a9a80000, 0x00000000d5580000)
  object space 682496K, 99% used [0x0000000080000000,0x00000000a9a6bc78,0x00000000a9a80000)
 Metaspace       used 73226K, committed 74752K, reserved 1179648K
  class space    used 7570K, committed 8256K, reserved 1048576K
}
Event: 89.617 GC heap before
{Heap before GC invocations=1644 (full 3):
 PSYoungGen      total 5120K, used 4829K [0x00000000d5580000, 0x00000000d5b80000, 0x0000000100000000)
  eden space 4096K, 100% used [0x00000000d5580000,0x00000000d5980000,0x00000000d5980000)
  from space 1024K, 71% used [0x00000000d5a80000,0x00000000d5b374d0,0x00000000d5b80000)
  to   space 1024K, 0% used [0x00000000d5980000,0x00000000d5980000,0x00000000d5a80000)
 ParOldGen       total 682496K, used 682415K [0x0000000080000000, 0x00000000a9a80000, 0x00000000d5580000)
  object space 682496K, 99% used [0x0000000080000000,0x00000000a9a6bc78,0x00000000a9a80000)
 Metaspace       used 73226K, committed 74752K, reserved 1179648K
  class space    used 7570K, committed 8256K, reserved 1048576K
}
Event: 89.619 GC heap after
{Heap after GC invocations=1644 (full 3):
 PSYoungGen      total 5120K, used 192K [0x00000000d5580000, 0x00000000d5b00000, 0x0000000100000000)
  eden space 4096K, 0% used [0x00000000d5580000,0x00000000d5580000,0x00000000d5980000)
  from space 1024K, 18% used [0x00000000d5980000,0x00000000d59b0000,0x00000000d5a80000)
  to   space 512K, 0% used [0x00000000d5a80000,0x00000000d5a80000,0x00000000d5b00000)
 ParOldGen       total 683008K, used 682913K [0x0000000080000000, 0x00000000a9b00000, 0x00000000d5580000)
  object space 683008K, 99% used [0x0000000080000000,0x00000000a9ae8508,0x00000000a9b00000)
 Metaspace       used 73226K, committed 74752K, reserved 1179648K
  class space    used 7570K, committed 8256K, reserved 1048576K
}
Event: 89.627 GC heap before
{Heap before GC invocations=1645 (full 3):
 PSYoungGen      total 5120K, used 4288K [0x00000000d5580000, 0x00000000d5b00000, 0x0000000100000000)
  eden space 4096K, 100% used [0x00000000d5580000,0x00000000d5980000,0x00000000d5980000)
  from space 1024K, 18% used [0x00000000d5980000,0x00000000d59b0000,0x00000000d5a80000)
  to   space 512K, 0% used [0x00000000d5a80000,0x00000000d5a80000,0x00000000d5b00000)
 ParOldGen       total 683008K, used 682913K [0x0000000080000000, 0x00000000a9b00000, 0x00000000d5580000)
  object space 683008K, 99% used [0x0000000080000000,0x00000000a9ae8508,0x00000000a9b00000)
 Metaspace       used 73226K, committed 74752K, reserved 1179648K
  class space    used 7570K, committed 8256K, reserved 1048576K
}
Event: 89.629 GC heap after
{Heap after GC invocations=1645 (full 3):
 PSYoungGen      total 4608K, used 192K [0x00000000d5580000, 0x00000000d5b00000, 0x0000000100000000)
  eden space 4096K, 0% used [0x00000000d5580000,0x00000000d5580000,0x00000000d5980000)
  from space 512K, 37% used [0x00000000d5a80000,0x00000000d5ab0000,0x00000000d5b00000)
  to   space 512K, 0% used [0x00000000d5a00000,0x00000000d5a00000,0x00000000d5a80000)
 ParOldGen       total 683520K, used 683017K [0x0000000080000000, 0x00000000a9b80000, 0x00000000d5580000)
  object space 683520K, 99% used [0x0000000080000000,0x00000000a9b02508,0x00000000a9b80000)
 Metaspace       used 73226K, committed 74752K, reserved 1179648K
  class space    used 7570K, committed 8256K, reserved 1048576K
}
Event: 89.637 GC heap before
{Heap before GC invocations=1646 (full 3):
 PSYoungGen      total 4608K, used 4288K [0x00000000d5580000, 0x00000000d5b00000, 0x0000000100000000)
  eden space 4096K, 100% used [0x00000000d5580000,0x00000000d5980000,0x00000000d5980000)
  from space 512K, 37% used [0x00000000d5a80000,0x00000000d5ab0000,0x00000000d5b00000)
  to   space 512K, 0% used [0x00000000d5a00000,0x00000000d5a00000,0x00000000d5a80000)
 ParOldGen       total 683520K, used 683017K [0x0000000080000000, 0x00000000a9b80000, 0x00000000d5580000)
  object space 683520K, 99% used [0x0000000080000000,0x00000000a9b02508,0x00000000a9b80000)
 Metaspace       used 73226K, committed 74752K, reserved 1179648K
  class space    used 7570K, committed 8256K, reserved 1048576K
}
Event: 89.639 GC heap after
{Heap after GC invocations=1646 (full 3):
 PSYoungGen      total 4608K, used 224K [0x00000000d5580000, 0x00000000d5b00000, 0x0000000100000000)
  eden space 4096K, 0% used [0x00000000d5580000,0x00000000d5580000,0x00000000d5980000)
  from space 512K, 43% used [0x00000000d5a00000,0x00000000d5a38000,0x00000000d5a80000)
  to   space 512K, 0% used [0x00000000d5a80000,0x00000000d5a80000,0x00000000d5b00000)
 ParOldGen       total 683520K, used 683121K [0x0000000080000000, 0x00000000a9b80000, 0x00000000d5580000)
  object space 683520K, 99% used [0x0000000080000000,0x00000000a9b1c508,0x00000000a9b80000)
 Metaspace       used 73226K, committed 74752K, reserved 1179648K
  class space    used 7570K, committed 8256K, reserved 1048576K
}
Event: 89.681 GC heap before
{Heap before GC invocations=1647 (full 3):
 PSYoungGen      total 4608K, used 4320K [0x00000000d5580000, 0x00000000d5b00000, 0x0000000100000000)
  eden space 4096K, 100% used [0x00000000d5580000,0x00000000d5980000,0x00000000d5980000)
  from space 512K, 43% used [0x00000000d5a00000,0x00000000d5a38000,0x00000000d5a80000)
  to   space 512K, 0% used [0x00000000d5a80000,0x00000000d5a80000,0x00000000d5b00000)
 ParOldGen       total 683520K, used 683121K [0x0000000080000000, 0x00000000a9b80000, 0x00000000d5580000)
  object space 683520K, 99% used [0x0000000080000000,0x00000000a9b1c508,0x00000000a9b80000)
 Metaspace       used 73280K, committed 74816K, reserved 1179648K
  class space    used 7574K, committed 8256K, reserved 1048576K
}
Event: 89.685 GC heap after
{Heap after GC invocations=1647 (full 3):
 PSYoungGen      total 4608K, used 499K [0x00000000d5580000, 0x00000000d5b80000, 0x0000000100000000)
  eden space 4096K, 0% used [0x00000000d5580000,0x00000000d5580000,0x00000000d5980000)
  from space 512K, 97% used [0x00000000d5a80000,0x00000000d5afcfb0,0x00000000d5b00000)
  to   space 1024K, 0% used [0x00000000d5980000,0x00000000d5980000,0x00000000d5a80000)
 ParOldGen       total 683520K, used 683388K [0x0000000080000000, 0x00000000a9b80000, 0x00000000d5580000)
  object space 683520K, 99% used [0x0000000080000000,0x00000000a9b5f078,0x00000000a9b80000)
 Metaspace       used 73280K, committed 74816K, reserved 1179648K
  class space    used 7574K, committed 8256K, reserved 1048576K
}
Event: 89.794 GC heap before
{Heap before GC invocations=1648 (full 3):
 PSYoungGen      total 4608K, used 4595K [0x00000000d5580000, 0x00000000d5b80000, 0x0000000100000000)
  eden space 4096K, 100% used [0x00000000d5580000,0x00000000d5980000,0x00000000d5980000)
  from space 512K, 97% used [0x00000000d5a80000,0x00000000d5afcfb0,0x00000000d5b00000)
  to   space 1024K, 0% used [0x00000000d5980000,0x00000000d5980000,0x00000000d5a80000)
 ParOldGen       total 683520K, used 683388K [0x0000000080000000, 0x00000000a9b80000, 0x00000000d5580000)
  object space 683520K, 99% used [0x0000000080000000,0x00000000a9b5f078,0x00000000a9b80000)
 Metaspace       used 73377K, committed 74944K, reserved 1179648K
  class space    used 7598K, committed 8320K, reserved 1048576K
}
Event: 89.800 GC heap after
{Heap after GC invocations=1648 (full 3):
 PSYoungGen      total 5120K, used 992K [0x00000000d5580000, 0x00000000d5d80000, 0x0000000100000000)
  eden space 4096K, 0% used [0x00000000d5580000,0x00000000d5580000,0x00000000d5980000)
  from space 1024K, 96% used [0x00000000d5980000,0x00000000d5a78010,0x00000000d5a80000)
  to   space 2048K, 0% used [0x00000000d5b80000,0x00000000d5b80000,0x00000000d5d80000)
 ParOldGen       total 684544K, used 684221K [0x0000000080000000, 0x00000000a9c80000, 0x00000000d5580000)
  object space 684544K, 99% used [0x0000000080000000,0x00000000a9c2f638,0x00000000a9c80000)
 Metaspace       used 73377K, committed 74944K, reserved 1179648K
  class space    used 7598K, committed 8320K, reserved 1048576K
}
Event: 545.390 GC heap before
{Heap before GC invocations=1649 (full 3):
 PSYoungGen      total 5120K, used 5088K [0x00000000d5580000, 0x00000000d5d80000, 0x0000000100000000)
  eden space 4096K, 99% used [0x00000000d5580000,0x00000000d597fff0,0x00000000d5980000)
  from space 1024K, 96% used [0x00000000d5980000,0x00000000d5a78010,0x00000000d5a80000)
  to   space 2048K, 0% used [0x00000000d5b80000,0x00000000d5b80000,0x00000000d5d80000)
 ParOldGen       total 684544K, used 684221K [0x0000000080000000, 0x00000000a9c80000, 0x00000000d5580000)
  object space 684544K, 99% used [0x0000000080000000,0x00000000a9c2f638,0x00000000a9c80000)
 Metaspace       used 73733K, committed 75264K, reserved 1179648K
  class space    used 7634K, committed 8320K, reserved 1048576K
}
Event: 545.411 GC heap after
{Heap after GC invocations=1649 (full 3):
 PSYoungGen      total 4608K, used 448K [0x00000000d5580000, 0x00000000d5c00000, 0x0000000100000000)
  eden space 4096K, 0% used [0x00000000d5580000,0x00000000d5580000,0x00000000d5980000)
  from space 512K, 87% used [0x00000000d5b80000,0x00000000d5bf0000,0x00000000d5c00000)
  to   space 1024K, 0% used [0x00000000d5a00000,0x00000000d5a00000,0x00000000d5b00000)
 ParOldGen       total 685056K, used 685037K [0x0000000080000000, 0x00000000a9d00000, 0x00000000d5580000)
  object space 685056K, 99% used [0x0000000080000000,0x00000000a9cfb648,0x00000000a9d00000)
 Metaspace       used 73733K, committed 75264K, reserved 1179648K
  class space    used 7634K, committed 8320K, reserved 1048576K
}

