# JRE version: OpenJDK Runtime Environment Temurin-21.0.8+9 (21.0.8+9) (build 21.0.8+9-LTS)
# Java VM: OpenJDK 64-Bit Server VM Temurin-21.0.8+9 (21.0.8+9-LTS, mixed mode, sharing, tiered, compressed oops, compressed class ptrs, parallel gc, windows-amd64)
GC Precious Log:
 CardTable entry size: 512
 CPUs: 12 total, 12 available
 Memory: 16052M
 Large Page Support: Disabled
 NUMA Support: Disabled
 Compressed Oops: Enabled (32-bit)
 Alignments: Space 512K, Generation 512K, Heap 2M
 Heap Min Capacity: 100M
 Heap Initial Capacity: 100M
 Heap Max Capacity: 2G
 Pre-touch: Disabled
 Parallel Workers: 10
Heap:
 PSYoungGen      total 23040K, used 10072K [0x00000000d5580000, 0x00000000d7580000, 0x0000000100000000)
  eden space 22016K, 43% used [0x00000000d5580000,0x00000000d5ed54e0,0x00000000d6b00000)
  from space 1024K, 50% used [0x00000000d7380000,0x00000000d7400ef8,0x00000000d7480000)
  to   space 1024K, 0% used [0x00000000d7480000,0x00000000d7480000,0x00000000d7580000)
 ParOldGen       total 68608K, used 36764K [0x0000000080000000, 0x0000000084300000, 0x00000000d5580000)
  object space 68608K, 53% used [0x0000000080000000,0x00000000823e7080,0x0000000084300000)
 Metaspace       used 49083K, committed 50432K, reserved 1114112K
  class space    used 5309K, committed 5888K, reserved 1048576K
GC Heap History (20 events):
Event: 32.806 GC heap before
{Heap before GC invocations=14 (full 1):
 PSYoungGen      total 24064K, used 8506K [0x00000000d5580000, 0x00000000d7200000, 0x0000000100000000)
  eden space 22016K, 30% used [0x00000000d5580000,0x00000000d5c27788,0x00000000d6b00000)
  from space 2048K, 82% used [0x00000000d7000000,0x00000000d71a7318,0x00000000d7200000)
  to   space 2048K, 0% used [0x00000000d6e00000,0x00000000d6e00000,0x00000000d7000000)
 ParOldGen       total 68608K, used 17750K [0x0000000080000000, 0x0000000084300000, 0x00000000d5580000)
  object space 68608K, 25% used [0x0000000080000000,0x0000000081155998,0x0000000084300000)
 Metaspace       used 34666K, committed 35840K, reserved 1114112K
  class space    used 3566K, committed 4096K, reserved 1048576K
}
Event: 32.810 GC heap after
{Heap after GC invocations=14 (full 1):
 PSYoungGen      total 23040K, used 827K [0x00000000d5580000, 0x00000000d7080000, 0x0000000100000000)
  eden space 22016K, 0% used [0x00000000d5580000,0x00000000d5580000,0x00000000d6b00000)
  from space 1024K, 80% used [0x00000000d6e00000,0x00000000d6ecec90,0x00000000d6f00000)
  to   space 1536K, 0% used [0x00000000d6f00000,0x00000000d6f00000,0x00000000d7080000)
 ParOldGen       total 68608K, used 19156K [0x0000000080000000, 0x0000000084300000, 0x00000000d5580000)
  object space 68608K, 27% used [0x0000000080000000,0x00000000812b5230,0x0000000084300000)
 Metaspace       used 34666K, committed 35840K, reserved 1114112K
  class space    used 3566K, committed 4096K, reserved 1048576K
}
Event: 32.810 GC heap before
{Heap before GC invocations=15 (full 2):
 PSYoungGen      total 23040K, used 827K [0x00000000d5580000, 0x00000000d7080000, 0x0000000100000000)
  eden space 22016K, 0% used [0x00000000d5580000,0x00000000d5580000,0x00000000d6b00000)
  from space 1024K, 80% used [0x00000000d6e00000,0x00000000d6ecec90,0x00000000d6f00000)
  to   space 1536K, 0% used [0x00000000d6f00000,0x00000000d6f00000,0x00000000d7080000)
 ParOldGen       total 68608K, used 19156K [0x0000000080000000, 0x0000000084300000, 0x00000000d5580000)
  object space 68608K, 27% used [0x0000000080000000,0x00000000812b5230,0x0000000084300000)
 Metaspace       used 34666K, committed 35840K, reserved 1114112K
  class space    used 3566K, committed 4096K, reserved 1048576K
}
Event: 32.862 GC heap after
{Heap after GC invocations=15 (full 2):
 PSYoungGen      total 23040K, used 0K [0x00000000d5580000, 0x00000000d7080000, 0x0000000100000000)
  eden space 22016K, 0% used [0x00000000d5580000,0x00000000d5580000,0x00000000d6b00000)
  from space 1024K, 0% used [0x00000000d6e00000,0x00000000d6e00000,0x00000000d6f00000)
  to   space 1536K, 0% used [0x00000000d6f00000,0x00000000d6f00000,0x00000000d7080000)
 ParOldGen       total 68608K, used 19105K [0x0000000080000000, 0x0000000084300000, 0x00000000d5580000)
  object space 68608K, 27% used [0x0000000080000000,0x00000000812a8758,0x0000000084300000)
 Metaspace       used 34666K, committed 35840K, reserved 1114112K
  class space    used 3566K, committed 4096K, reserved 1048576K
}
Event: 33.967 GC heap before
{Heap before GC invocations=16 (full 2):
 PSYoungGen      total 23040K, used 22016K [0x00000000d5580000, 0x00000000d7080000, 0x0000000100000000)
  eden space 22016K, 100% used [0x00000000d5580000,0x00000000d6b00000,0x00000000d6b00000)
  from space 1024K, 0% used [0x00000000d6e00000,0x00000000d6e00000,0x00000000d6f00000)
  to   space 1536K, 0% used [0x00000000d6f00000,0x00000000d6f00000,0x00000000d7080000)
 ParOldGen       total 68608K, used 19105K [0x0000000080000000, 0x0000000084300000, 0x00000000d5580000)
  object space 68608K, 27% used [0x0000000080000000,0x00000000812a8758,0x0000000084300000)
 Metaspace       used 36866K, committed 38144K, reserved 1114112K
  class space    used 3863K, committed 4416K, reserved 1048576K
}
Event: 33.976 GC heap after
{Heap after GC invocations=16 (full 2):
 PSYoungGen      total 23552K, used 1536K [0x00000000d5580000, 0x00000000d7100000, 0x0000000100000000)
  eden space 22016K, 0% used [0x00000000d5580000,0x00000000d5580000,0x00000000d6b00000)
  from space 1536K, 100% used [0x00000000d6f00000,0x00000000d7080000,0x00000000d7080000)
  to   space 3072K, 0% used [0x00000000d6b00000,0x00000000d6b00000,0x00000000d6e00000)
 ParOldGen       total 68608K, used 19887K [0x0000000080000000, 0x0000000084300000, 0x00000000d5580000)
  object space 68608K, 28% used [0x0000000080000000,0x000000008136bee0,0x0000000084300000)
 Metaspace       used 36866K, committed 38144K, reserved 1114112K
  class space    used 3863K, committed 4416K, reserved 1048576K
}
Event: 35.124 GC heap before
{Heap before GC invocations=17 (full 2):
 PSYoungGen      total 23552K, used 23552K [0x00000000d5580000, 0x00000000d7100000, 0x0000000100000000)
  eden space 22016K, 100% used [0x00000000d5580000,0x00000000d6b00000,0x00000000d6b00000)
  from space 1536K, 100% used [0x00000000d6f00000,0x00000000d7080000,0x00000000d7080000)
  to   space 3072K, 0% used [0x00000000d6b00000,0x00000000d6b00000,0x00000000d6e00000)
 ParOldGen       total 68608K, used 19887K [0x0000000080000000, 0x0000000084300000, 0x00000000d5580000)
  object space 68608K, 28% used [0x0000000080000000,0x000000008136bee0,0x0000000084300000)
 Metaspace       used 38022K, committed 39232K, reserved 1114112K
  class space    used 3986K, committed 4544K, reserved 1048576K
}
Event: 35.147 GC heap after
{Heap after GC invocations=17 (full 2):
 PSYoungGen      total 25088K, used 3050K [0x00000000d5580000, 0x00000000d8500000, 0x0000000100000000)
  eden space 22016K, 0% used [0x00000000d5580000,0x00000000d5580000,0x00000000d6b00000)
  from space 3072K, 99% used [0x00000000d6b00000,0x00000000d6dfab98,0x00000000d6e00000)
  to   space 13312K, 0% used [0x00000000d7800000,0x00000000d7800000,0x00000000d8500000)
 ParOldGen       total 68608K, used 28079K [0x0000000080000000, 0x0000000084300000, 0x00000000d5580000)
  object space 68608K, 40% used [0x0000000080000000,0x0000000081b6bc70,0x0000000084300000)
 Metaspace       used 38022K, committed 39232K, reserved 1114112K
  class space    used 3986K, committed 4544K, reserved 1048576K
}
Event: 36.607 GC heap before
{Heap before GC invocations=18 (full 2):
 PSYoungGen      total 25088K, used 25066K [0x00000000d5580000, 0x00000000d8500000, 0x0000000100000000)
  eden space 22016K, 100% used [0x00000000d5580000,0x00000000d6b00000,0x00000000d6b00000)
  from space 3072K, 99% used [0x00000000d6b00000,0x00000000d6dfab98,0x00000000d6e00000)
  to   space 13312K, 0% used [0x00000000d7800000,0x00000000d7800000,0x00000000d8500000)
 ParOldGen       total 68608K, used 28079K [0x0000000080000000, 0x0000000084300000, 0x00000000d5580000)
  object space 68608K, 40% used [0x0000000080000000,0x0000000081b6bc70,0x0000000084300000)
 Metaspace       used 39524K, committed 40768K, reserved 1114112K
  class space    used 4183K, committed 4736K, reserved 1048576K
}
Event: 36.619 GC heap after
{Heap after GC invocations=18 (full 2):
 PSYoungGen      total 25088K, used 2983K [0x00000000d5580000, 0x00000000d7b00000, 0x0000000100000000)
  eden space 22016K, 0% used [0x00000000d5580000,0x00000000d5580000,0x00000000d6b00000)
  from space 3072K, 97% used [0x00000000d7800000,0x00000000d7ae9e60,0x00000000d7b00000)
  to   space 6144K, 0% used [0x00000000d6f00000,0x00000000d6f00000,0x00000000d7500000)
 ParOldGen       total 68608K, used 31067K [0x0000000080000000, 0x0000000084300000, 0x00000000d5580000)
  object space 68608K, 45% used [0x0000000080000000,0x0000000081e56e00,0x0000000084300000)
 Metaspace       used 39524K, committed 40768K, reserved 1114112K
  class space    used 4183K, committed 4736K, reserved 1048576K
}
Event: 38.047 GC heap before
{Heap before GC invocations=19 (full 2):
 PSYoungGen      total 25088K, used 24931K [0x00000000d5580000, 0x00000000d7b00000, 0x0000000100000000)
  eden space 22016K, 99% used [0x00000000d5580000,0x00000000d6aeef70,0x00000000d6b00000)
  from space 3072K, 97% used [0x00000000d7800000,0x00000000d7ae9e60,0x00000000d7b00000)
  to   space 6144K, 0% used [0x00000000d6f00000,0x00000000d6f00000,0x00000000d7500000)
 ParOldGen       total 68608K, used 31067K [0x0000000080000000, 0x0000000084300000, 0x00000000d5580000)
  object space 68608K, 45% used [0x0000000080000000,0x0000000081e56e00,0x0000000084300000)
 Metaspace       used 41692K, committed 43008K, reserved 1114112K
  class space    used 4458K, committed 5056K, reserved 1048576K
}
Event: 38.052 GC heap after
{Heap after GC invocations=19 (full 2):
 PSYoungGen      total 28160K, used 1065K [0x00000000d5580000, 0x00000000d7880000, 0x0000000100000000)
  eden space 22016K, 0% used [0x00000000d5580000,0x00000000d5580000,0x00000000d6b00000)
  from space 6144K, 17% used [0x00000000d6f00000,0x00000000d700a450,0x00000000d7500000)
  to   space 2560K, 0% used [0x00000000d7600000,0x00000000d7600000,0x00000000d7880000)
 ParOldGen       total 68608K, used 33632K [0x0000000080000000, 0x0000000084300000, 0x00000000d5580000)
  object space 68608K, 49% used [0x0000000080000000,0x00000000820d80a8,0x0000000084300000)
 Metaspace       used 41692K, committed 43008K, reserved 1114112K
  class space    used 4458K, committed 5056K, reserved 1048576K
}
Event: 40.729 GC heap before
{Heap before GC invocations=20 (full 2):
 PSYoungGen      total 28160K, used 23081K [0x00000000d5580000, 0x00000000d7880000, 0x0000000100000000)
  eden space 22016K, 100% used [0x00000000d5580000,0x00000000d6b00000,0x00000000d6b00000)
  from space 6144K, 17% used [0x00000000d6f00000,0x00000000d700a450,0x00000000d7500000)
  to   space 2560K, 0% used [0x00000000d7600000,0x00000000d7600000,0x00000000d7880000)
 ParOldGen       total 68608K, used 33632K [0x0000000080000000, 0x0000000084300000, 0x00000000d5580000)
  object space 68608K, 49% used [0x0000000080000000,0x00000000820d80a8,0x0000000084300000)
 Metaspace       used 44401K, committed 45696K, reserved 1114112K
  class space    used 4807K, committed 5376K, reserved 1048576K
}
Event: 40.735 GC heap after
{Heap after GC invocations=20 (full 2):
 PSYoungGen      total 23552K, used 1472K [0x00000000d5580000, 0x00000000d7780000, 0x0000000100000000)
  eden space 22016K, 0% used [0x00000000d5580000,0x00000000d5580000,0x00000000d6b00000)
  from space 1536K, 95% used [0x00000000d7600000,0x00000000d7770000,0x00000000d7780000)
  to   space 2048K, 0% used [0x00000000d7380000,0x00000000d7380000,0x00000000d7580000)
 ParOldGen       total 68608K, used 34248K [0x0000000080000000, 0x0000000084300000, 0x00000000d5580000)
  object space 68608K, 49% used [0x0000000080000000,0x00000000821720a8,0x0000000084300000)
 Metaspace       used 44401K, committed 45696K, reserved 1114112K
  class space    used 4807K, committed 5376K, reserved 1048576K
}
Event: 43.354 GC heap before
{Heap before GC invocations=21 (full 2):
 PSYoungGen      total 23552K, used 23488K [0x00000000d5580000, 0x00000000d7780000, 0x0000000100000000)
  eden space 22016K, 100% used [0x00000000d5580000,0x00000000d6b00000,0x00000000d6b00000)
  from space 1536K, 95% used [0x00000000d7600000,0x00000000d7770000,0x00000000d7780000)
  to   space 2048K, 0% used [0x00000000d7380000,0x00000000d7380000,0x00000000d7580000)
 ParOldGen       total 68608K, used 34248K [0x0000000080000000, 0x0000000084300000, 0x00000000d5580000)
  object space 68608K, 49% used [0x0000000080000000,0x00000000821720a8,0x0000000084300000)
 Metaspace       used 47025K, committed 48320K, reserved 1114112K
  class space    used 5118K, committed 5696K, reserved 1048576K
}
Event: 43.364 GC heap after
{Heap after GC invocations=21 (full 2):
 PSYoungGen      total 23552K, used 1305K [0x00000000d5580000, 0x00000000d7680000, 0x0000000100000000)
  eden space 22016K, 0% used [0x00000000d5580000,0x00000000d5580000,0x00000000d6b00000)
  from space 1536K, 84% used [0x00000000d7380000,0x00000000d74c65e0,0x00000000d7500000)
  to   space 1536K, 0% used [0x00000000d7500000,0x00000000d7500000,0x00000000d7680000)
 ParOldGen       total 68608K, used 35500K [0x0000000080000000, 0x0000000084300000, 0x00000000d5580000)
  object space 68608K, 51% used [0x0000000080000000,0x00000000822ab0b8,0x0000000084300000)
 Metaspace       used 47025K, committed 48320K, reserved 1114112K
  class space    used 5118K, committed 5696K, reserved 1048576K
}
Event: 45.893 GC heap before
{Heap before GC invocations=22 (full 2):
 PSYoungGen      total 23552K, used 23321K [0x00000000d5580000, 0x00000000d7680000, 0x0000000100000000)
  eden space 22016K, 100% used [0x00000000d5580000,0x00000000d6b00000,0x00000000d6b00000)
  from space 1536K, 84% used [0x00000000d7380000,0x00000000d74c65e0,0x00000000d7500000)
  to   space 1536K, 0% used [0x00000000d7500000,0x00000000d7500000,0x00000000d7680000)
 ParOldGen       total 68608K, used 35500K [0x0000000080000000, 0x0000000084300000, 0x00000000d5580000)
  object space 68608K, 51% used [0x0000000080000000,0x00000000822ab0b8,0x0000000084300000)
 Metaspace       used 47152K, committed 48384K, reserved 1114112K
  class space    used 5121K, committed 5696K, reserved 1048576K
}
Event: 45.907 GC heap after
{Heap after GC invocations=22 (full 2):
 PSYoungGen      total 22528K, used 352K [0x00000000d5580000, 0x00000000d7580000, 0x0000000100000000)
  eden space 22016K, 0% used [0x00000000d5580000,0x00000000d5580000,0x00000000d6b00000)
  from space 512K, 68% used [0x00000000d7500000,0x00000000d7558000,0x00000000d7580000)
  to   space 1024K, 0% used [0x00000000d7380000,0x00000000d7380000,0x00000000d7480000)
 ParOldGen       total 68608K, used 36660K [0x0000000080000000, 0x0000000084300000, 0x00000000d5580000)
  object space 68608K, 53% used [0x0000000080000000,0x00000000823cd080,0x0000000084300000)
 Metaspace       used 47152K, committed 48384K, reserved 1114112K
  class space    used 5121K, committed 5696K, reserved 1048576K
}
Event: 49.800 GC heap before
{Heap before GC invocations=23 (full 2):
 PSYoungGen      total 22528K, used 22357K [0x00000000d5580000, 0x00000000d7580000, 0x0000000100000000)
  eden space 22016K, 99% used [0x00000000d5580000,0x00000000d6afd4e8,0x00000000d6b00000)
  from space 512K, 68% used [0x00000000d7500000,0x00000000d7558000,0x00000000d7580000)
  to   space 1024K, 0% used [0x00000000d7380000,0x00000000d7380000,0x00000000d7480000)
 ParOldGen       total 68608K, used 36660K [0x0000000080000000, 0x0000000084300000, 0x00000000d5580000)
  object space 68608K, 53% used [0x0000000080000000,0x00000000823cd080,0x0000000084300000)
 Metaspace       used 48186K, committed 49472K, reserved 1114112K
  class space    used 5234K, committed 5760K, reserved 1048576K
}
Event: 49.815 GC heap after
{Heap after GC invocations=23 (full 2):
 PSYoungGen      total 23040K, used 515K [0x00000000d5580000, 0x00000000d7580000, 0x0000000100000000)
  eden space 22016K, 0% used [0x00000000d5580000,0x00000000d5580000,0x00000000d6b00000)
  from space 1024K, 50% used [0x00000000d7380000,0x00000000d7400ef8,0x00000000d7480000)
  to   space 1024K, 0% used [0x00000000d7480000,0x00000000d7480000,0x00000000d7580000)
 ParOldGen       total 68608K, used 36764K [0x0000000080000000, 0x0000000084300000, 0x00000000d5580000)
  object space 68608K, 53% used [0x0000000080000000,0x00000000823e7080,0x0000000084300000)
 Metaspace       used 48186K, committed 49472K, reserved 1114112K
  class space    used 5234K, committed 5760K, reserved 1048576K
}

