# JRE version: OpenJDK Runtime Environment (23.0.2+7) (build 23.0.2+7-58)
# Java VM: OpenJDK 64-Bit Server VM (23.0.2+7-58, mixed mode, sharing, tiered, compressed oops, compressed class ptrs, g1 gc, windows-amd64)
GC Precious Log:
 CardTable entry size: 512
 Card Set container configuration: InlinePtr #cards 4 size 8 Array Of Cards #cards 16 size 48 Howl #buckets 8 coarsen threshold 3686 Howl Bitmap #cards 512 size 80 coarsen threshold 460 Card regions per heap region 1 cards per card region 4096
 CPUs: 12 total, 12 available
 Memory: 16052M
 Large Page Support: Disabled
 NUMA Support: Disabled
 Compressed Oops: Enabled (Zero based)
 Heap Region Size: 2M
 Heap Min Capacity: 8M
 Heap Initial Capacity: 252M
 Heap Max Capacity: 4014M
 Pre-touch: Disabled
 Parallel Workers: 10
 Concurrent Workers: 3
 Concurrent Refinement Workers: 10
 Periodic GC: Disabled
Heap:
 garbage-first heap   total reserved 4110336K, committed 122880K, used 78196K [0x0000000705200000, 0x0000000800000000)
  region size 2048K, 22 young (45056K), 3 survivors (6144K)
 Metaspace       used 83926K, committed 84736K, reserved 1179648K
  class space    used 11442K, committed 11776K, reserved 1048576K
GC Heap History (20 events):
Event: 6.271 GC heap before
{Heap before GC invocations=11 (full 0):
 garbage-first heap   total reserved 4110336K, committed 59392K, used 50779K [0x0000000705200000, 0x0000000800000000)
  region size 2048K, 14 young (28672K), 2 survivors (4096K)
 Metaspace       used 56356K, committed 56960K, reserved 1114112K
  class space    used 7556K, committed 7808K, reserved 1048576K
}
Event: 6.276 GC heap after
{Heap after GC invocations=12 (full 0):
 garbage-first heap   total reserved 4110336K, committed 59392K, used 27819K [0x0000000705200000, 0x0000000800000000)
  region size 2048K, 1 young (2048K), 1 survivors (2048K)
 Metaspace       used 56356K, committed 56960K, reserved 1114112K
  class space    used 7556K, committed 7808K, reserved 1048576K
}
Event: 6.539 GC heap before
{Heap before GC invocations=12 (full 0):
 garbage-first heap   total reserved 4110336K, committed 59392K, used 38059K [0x0000000705200000, 0x0000000800000000)
  region size 2048K, 7 young (14336K), 1 survivors (2048K)
 Metaspace       used 59905K, committed 60416K, reserved 1114112K
  class space    used 8156K, committed 8384K, reserved 1048576K
}
Event: 6.541 GC heap after
{Heap after GC invocations=13 (full 0):
 garbage-first heap   total reserved 4110336K, committed 59392K, used 28252K [0x0000000705200000, 0x0000000800000000)
  region size 2048K, 1 young (2048K), 1 survivors (2048K)
 Metaspace       used 59905K, committed 60416K, reserved 1114112K
  class space    used 8156K, committed 8384K, reserved 1048576K
}
Event: 6.919 GC heap before
{Heap before GC invocations=14 (full 0):
 garbage-first heap   total reserved 4110336K, committed 59392K, used 52828K [0x0000000705200000, 0x0000000800000000)
  region size 2048K, 13 young (26624K), 1 survivors (2048K)
 Metaspace       used 62026K, committed 62592K, reserved 1114112K
  class space    used 8478K, committed 8704K, reserved 1048576K
}
Event: 6.922 GC heap after
{Heap after GC invocations=15 (full 0):
 garbage-first heap   total reserved 4110336K, committed 59392K, used 28858K [0x0000000705200000, 0x0000000800000000)
  region size 2048K, 2 young (4096K), 2 survivors (4096K)
 Metaspace       used 62026K, committed 62592K, reserved 1114112K
  class space    used 8478K, committed 8704K, reserved 1048576K
}
Event: 7.564 GC heap before
{Heap before GC invocations=15 (full 0):
 garbage-first heap   total reserved 4110336K, committed 59392K, used 49338K [0x0000000705200000, 0x0000000800000000)
  region size 2048K, 12 young (24576K), 2 survivors (4096K)
 Metaspace       used 66321K, committed 66944K, reserved 1114112K
  class space    used 9042K, committed 9280K, reserved 1048576K
}
Event: 7.570 GC heap after
{Heap after GC invocations=16 (full 0):
 garbage-first heap   total reserved 4110336K, committed 59392K, used 30582K [0x0000000705200000, 0x0000000800000000)
  region size 2048K, 2 young (4096K), 2 survivors (4096K)
 Metaspace       used 66321K, committed 66944K, reserved 1114112K
  class space    used 9042K, committed 9280K, reserved 1048576K
}
Event: 7.951 GC heap before
{Heap before GC invocations=16 (full 0):
 garbage-first heap   total reserved 4110336K, committed 59392K, used 46966K [0x0000000705200000, 0x0000000800000000)
  region size 2048K, 11 young (22528K), 2 survivors (4096K)
 Metaspace       used 68020K, committed 68672K, reserved 1114112K
  class space    used 9304K, committed 9600K, reserved 1048576K
}
Event: 7.957 GC heap after
{Heap after GC invocations=17 (full 0):
 garbage-first heap   total reserved 4110336K, committed 59392K, used 31669K [0x0000000705200000, 0x0000000800000000)
  region size 2048K, 2 young (4096K), 2 survivors (4096K)
 Metaspace       used 68020K, committed 68672K, reserved 1114112K
  class space    used 9304K, committed 9600K, reserved 1048576K
}
Event: 8.072 GC heap before
{Heap before GC invocations=18 (full 0):
 garbage-first heap   total reserved 4110336K, committed 59392K, used 50101K [0x0000000705200000, 0x0000000800000000)
  region size 2048K, 11 young (22528K), 2 survivors (4096K)
 Metaspace       used 68145K, committed 68736K, reserved 1114112K
  class space    used 9320K, committed 9600K, reserved 1048576K
}
Event: 8.075 GC heap after
{Heap after GC invocations=19 (full 0):
 garbage-first heap   total reserved 4110336K, committed 59392K, used 32175K [0x0000000705200000, 0x0000000800000000)
  region size 2048K, 1 young (2048K), 1 survivors (2048K)
 Metaspace       used 68145K, committed 68736K, reserved 1114112K
  class space    used 9320K, committed 9600K, reserved 1048576K
}
Event: 8.236 GC heap before
{Heap before GC invocations=19 (full 0):
 garbage-first heap   total reserved 4110336K, committed 59392K, used 52655K [0x0000000705200000, 0x0000000800000000)
  region size 2048K, 11 young (22528K), 1 survivors (2048K)
 Metaspace       used 68494K, committed 69248K, reserved 1114112K
  class space    used 9381K, committed 9728K, reserved 1048576K
}
Event: 8.240 GC heap after
{Heap after GC invocations=20 (full 0):
 garbage-first heap   total reserved 4110336K, committed 59392K, used 32865K [0x0000000705200000, 0x0000000800000000)
  region size 2048K, 2 young (4096K), 2 survivors (4096K)
 Metaspace       used 68494K, committed 69248K, reserved 1114112K
  class space    used 9381K, committed 9728K, reserved 1048576K
}
Event: 8.366 GC heap before
{Heap before GC invocations=20 (full 0):
 garbage-first heap   total reserved 4110336K, committed 59392K, used 49249K [0x0000000705200000, 0x0000000800000000)
  region size 2048K, 10 young (20480K), 2 survivors (4096K)
 Metaspace       used 69021K, committed 69696K, reserved 1114112K
  class space    used 9440K, committed 9728K, reserved 1048576K
}
Event: 8.369 GC heap after
{Heap after GC invocations=21 (full 0):
 garbage-first heap   total reserved 4110336K, committed 159744K, used 33630K [0x0000000705200000, 0x0000000800000000)
  region size 2048K, 2 young (4096K), 2 survivors (4096K)
 Metaspace       used 69021K, committed 69696K, reserved 1114112K
  class space    used 9440K, committed 9728K, reserved 1048576K
}
Event: 9.739 GC heap before
{Heap before GC invocations=22 (full 0):
 garbage-first heap   total reserved 4110336K, committed 122880K, used 103262K [0x0000000705200000, 0x0000000800000000)
  region size 2048K, 36 young (73728K), 2 survivors (4096K)
 Metaspace       used 75978K, committed 76672K, reserved 1179648K
  class space    used 10503K, committed 10816K, reserved 1048576K
}
Event: 9.748 GC heap after
{Heap after GC invocations=23 (full 0):
 garbage-first heap   total reserved 4110336K, committed 122880K, used 39240K [0x0000000705200000, 0x0000000800000000)
  region size 2048K, 4 young (8192K), 4 survivors (8192K)
 Metaspace       used 75978K, committed 76672K, reserved 1179648K
  class space    used 10503K, committed 10816K, reserved 1048576K
}
Event: 75.914 GC heap before
{Heap before GC invocations=23 (full 0):
 garbage-first heap   total reserved 4110336K, committed 122880K, used 94536K [0x0000000705200000, 0x0000000800000000)
  region size 2048K, 32 young (65536K), 4 survivors (8192K)
 Metaspace       used 83406K, committed 84224K, reserved 1179648K
  class space    used 11436K, committed 11776K, reserved 1048576K
}
Event: 75.929 GC heap after
{Heap after GC invocations=24 (full 0):
 garbage-first heap   total reserved 4110336K, committed 122880K, used 43380K [0x0000000705200000, 0x0000000800000000)
  region size 2048K, 3 young (6144K), 3 survivors (6144K)
 Metaspace       used 83406K, committed 84224K, reserved 1179648K
  class space    used 11436K, committed 11776K, reserved 1048576K
}

